22:21:04 **** Incremental Build of configuration Debug for project Door_locker_security_system_control_ECU ****
make all 
Building file: ../control_ecu.c
Invoking: AVR Compiler
avr-gcc -Wall -g2 -gstabs -O0 -fpack-struct -fshort-enums -ffunction-sections -fdata-sections -std=gnu99 -funsigned-char -funsigned-bitfields -mmcu=atmega32 -DF_CPU=8000000UL -MMD -MP -MF"control_ecu.d" -MT"control_ecu.o" -c -o "control_ecu.o" "../control_ecu.c"
../control_ecu.c:9: warning: return type of 'main' is not 'int'
Finished building: ../control_ecu.c
 
Building target: Door_locker_security_system_control_ECU.elf
Invoking: AVR C Linker
avr-gcc -Wl,-Map,Door_locker_security_system_control_ECU.map -mmcu=atmega32 -o "Door_locker_security_system_control_ECU.elf"  ./buzzer.o ./control_ecu.o ./dc_motor.o ./external_eeprom.o ./gpio.o ./pwm.o ./timer1.o ./twi.o ./uart.o   
Finished building target: Door_locker_security_system_control_ECU.elf
 
Invoking: AVR Create Extended Listing
avr-objdump -h -S Door_locker_security_system_control_ECU.elf  >"Door_locker_security_system_control_ECU.lss"
Finished building: Door_locker_security_system_control_ECU.lss
 
Invoking: Print Size
avr-size --format=avr --mcu=atmega32 Door_locker_security_system_control_ECU.elf
AVR Memory Usage
----------------
Device: atmega32

Program:    4758 bytes (14.5% Full)
(.text + .data + .bootloader)

Data:         33 bytes (1.6% Full)
(.data + .bss + .noinit)


Finished building: sizedummy
 

22:21:05 Build Finished. 0 errors, 1 warnings. (took 1s.131ms)

