22:21:32 **** Incremental Build of configuration Debug for project Door_locker_security_system_hmi_ECU ****
make all 
Building file: ../hmi_ecu.c
Invoking: AVR Compiler
avr-gcc -Wall -g2 -gstabs -O0 -fpack-struct -fshort-enums -ffunction-sections -fdata-sections -std=gnu99 -funsigned-char -funsigned-bitfields -mmcu=atmega32 -DF_CPU=8000000UL -MMD -MP -MF"hmi_ecu.d" -MT"hmi_ecu.o" -c -o "hmi_ecu.o" "../hmi_ecu.c"
In file included from ../hmi_ecu.c:9:
c:/winavr-20100110/lib/gcc/../../avr/include/util/delay.h:90:3: warning: #warning "Compiler optimizations disabled; functions from <util/delay.h> won't work as designed"
../hmi_ecu.c:12: warning: return type of 'main' is not 'int'
Finished building: ../hmi_ecu.c
 
Building target: Door_locker_security_system_hmi_ECU.elf
Invoking: AVR C Linker
avr-gcc -Wl,-Map,Door_locker_security_system_hmi_ECU.map -mmcu=atmega32 -o "Door_locker_security_system_hmi_ECU.elf"  ./gpio.o ./hmi_ecu.o ./keypad.o ./lcd.o ./timer1.o ./uart.o   
Finished building target: Door_locker_security_system_hmi_ECU.elf
 
Invoking: AVR Create Extended Listing
avr-objdump -h -S Door_locker_security_system_hmi_ECU.elf  >"Door_locker_security_system_hmi_ECU.lss"
Finished building: Door_locker_security_system_hmi_ECU.lss
 
Invoking: Print Size
avr-size --format=avr --mcu=atmega32 Door_locker_security_system_hmi_ECU.elf
AVR Memory Usage
----------------
Device: atmega32

Program:   12596 bytes (38.4% Full)
(.text + .data + .bootloader)

Data:        169 bytes (8.3% Full)
(.data + .bss + .noinit)


Finished building: sizedummy
 

22:21:33 Build Finished. 0 errors, 2 warnings. (took 1s.83ms)

